Started POST "/performance" for ::1 at 2025-05-14 23:09:01 -0600
  [1m[35m (3.6ms)[0m  [1m[35mCREATE TABLE "schema_migrations" ("version" varchar NOT NULL PRIMARY KEY) /*application='PerformanceService'*/[0m
  [1m[35m (0.3ms)[0m  [1m[35mCREATE TABLE "ar_internal_metadata" ("key" varchar NOT NULL PRIMARY KEY, "value" varchar, "created_at" datetime(6) NOT NULL, "updated_at" datetime(6) NOT NULL) /*application='PerformanceService'*/[0m
  [1m[36mActiveRecord::SchemaMigration Load (0.2ms)[0m  [1m[34mSELECT "schema_migrations"."version" FROM "schema_migrations" ORDER BY "schema_migrations"."version" ASC /*application='PerformanceService'*/[0m
  
ActionController::RoutingError (No route matches [POST] "/performance"):
  
Started POST "/performance" for ::1 at 2025-05-14 23:40:59 -0600
  [1m[36mActiveRecord::SchemaMigration Load (0.2ms)[0m  [1m[34mSELECT "schema_migrations"."version" FROM "schema_migrations" ORDER BY "schema_migrations"."version" ASC /*application='PerformanceService'*/[0m
Processing by PerformanceController#calculate as */*
  Parameters: {"quantity"=>10, "purchase_price"=>20, "current_price"=>25, "performance"=>{"quantity"=>10, "purchase_price"=>20, "current_price"=>25}}
Completed 200 OK in 127ms (Views: 0.3ms | ActiveRecord: 0.0ms (0 queries, 0 cached) | GC: 0.0ms)


Started POST "/performance" for ::1 at 2025-05-18 14:55:18 -0600
  [1m[36mActiveRecord::SchemaMigration Load (0.2ms)[0m  [1m[34mSELECT "schema_migrations"."version" FROM "schema_migrations" ORDER BY "schema_migrations"."version" ASC /*application='PerformanceService'*/[0m
Processing by PerformanceController#calculate as */*
  Parameters: {"quantity"=>10, "purchase_price"=>20, "current_price"=>25, "performance"=>{"quantity"=>10, "purchase_price"=>20, "current_price"=>25}}
Completed 200 OK in 177ms (Views: 0.3ms | ActiveRecord: 0.0ms (0 queries, 0 cached) | GC: 0.0ms)


Started POST "/performance" for ::1 at 2025-05-18 16:29:15 -0600
  [1m[36mActiveRecord::SchemaMigration Load (0.2ms)[0m  [1m[34mSELECT "schema_migrations"."version" FROM "schema_migrations" ORDER BY "schema_migrations"."version" ASC /*application='PerformanceService'*/[0m
Processing by PerformanceController#calculate as */*
  Parameters: {"quantity"=>10, "purchase_price"=>20, "current_price"=>25, "performance"=>{"quantity"=>10, "purchase_price"=>20, "current_price"=>25}}
Completed 200 OK in 15ms (Views: 0.2ms | ActiveRecord: 0.0ms (0 queries, 0 cached) | GC: 0.0ms)


